e:\mydocs\programming\versioncontrol\git\obsautozoom\obsautozoom\x64\release\vc142.pdb
e:\mydocs\programming\versioncontrol\git\obsautozoom\obsautozoom\x64\release\source_list.obj
e:\mydocs\programming\versioncontrol\git\obsautozoom\obsautozoom\x64\release\plugincodemain.obj
e:\mydocs\programming\versioncontrol\git\obsautozoom\obsautozoom\x64\release\jrplugin.obj
e:\mydocs\programming\versioncontrol\git\obsautozoom\obsautozoom\x64\release\plugincodesetttings.obj
e:\mydocs\programming\versioncontrol\git\obsautozoom\obsautozoom\x64\release\plugincoderender.obj
e:\mydocs\programming\versioncontrol\git\obsautozoom\obsautozoom\x64\release\plugincodemisc.obj
e:\mydocs\programming\versioncontrol\git\obsautozoom\obsautozoom\x64\release\plugincodehelper.obj
e:\mydocs\programming\versioncontrol\git\obsautozoom\obsautozoom\x64\release\plugincodecalibrate.obj
e:\mydocs\programming\versioncontrol\git\obsautozoom\obsautozoom\x64\release\obshelpers.obj
e:\mydocs\programming\versioncontrol\git\obsautozoom\obsautozoom\x64\release\jrtrackedsource.obj
e:\mydocs\programming\versioncontrol\git\obsautozoom\obsautozoom\x64\release\jrtrackedsourcezoombox.obj
e:\mydocs\programming\versioncontrol\git\obsautozoom\obsautozoom\x64\release\jrtrackedsourcerender.obj
e:\mydocs\programming\versioncontrol\git\obsautozoom\obsautozoom\x64\release\jrtrackedsourcemisc.obj
e:\mydocs\programming\versioncontrol\git\obsautozoom\obsautozoom\x64\release\jrsourcetracker.obj
e:\mydocs\programming\versioncontrol\git\obsautozoom\obsautozoom\x64\release\jrregiondetector.obj
e:\mydocs\programming\versioncontrol\git\obsautozoom\obsautozoom\x64\release\jrmarkerlessmanager.obj
e:\mydocs\programming\versioncontrol\git\obsautozoom\obsautozoom\x64\release\jrfuncs.obj
e:\mydocs\programming\versioncontrol\git\obsautozoom\x64\release\obsautozoom.dll
e:\mydocs\programming\versioncontrol\git\obsautozoom\obsautozoom\x64\release\obsautozoom.ipdb
e:\mydocs\programming\versioncontrol\git\obsautozoom\obsautozoom\x64\release\obsautozoom.iobj
e:\mydocs\programming\versioncontrol\git\obsautozoom\x64\release\obsautozoom.pdb
e:\mydocs\programming\versioncontrol\git\obsautozoom\x64\release\obsautozoom.lib
e:\mydocs\programming\versioncontrol\git\obsautozoom\x64\release\obsautozoom.exp
e:\mydocs\programming\versioncontrol\git\obsautozoom\obsautozoom\x64\release\obsautozoom.tlog\cl.command.1.tlog
e:\mydocs\programming\versioncontrol\git\obsautozoom\obsautozoom\x64\release\obsautozoom.tlog\cl.read.1.tlog
e:\mydocs\programming\versioncontrol\git\obsautozoom\obsautozoom\x64\release\obsautozoom.tlog\cl.write.1.tlog
e:\mydocs\programming\versioncontrol\git\obsautozoom\obsautozoom\x64\release\obsautozoom.tlog\link.command.1.tlog
e:\mydocs\programming\versioncontrol\git\obsautozoom\obsautozoom\x64\release\obsautozoom.tlog\link.read.1.tlog
e:\mydocs\programming\versioncontrol\git\obsautozoom\obsautozoom\x64\release\obsautozoom.tlog\link.write.1.tlog
e:\mydocs\programming\versioncontrol\git\obsautozoom\obsautozoom\x64\release\obsautozoom.tlog\obsautozoom.write.1u.tlog
