e:\mydocs\programming\versioncontrol\git\obsscreenflip\obsscreenflip\x64\release\vc142.pdb
e:\mydocs\programming\versioncontrol\git\obsscreenflip\obsscreenflip\x64\release\pluginrender.obj
e:\mydocs\programming\versioncontrol\git\obsscreenflip\obsscreenflip\x64\release\jrplugin.obj
e:\mydocs\programming\versioncontrol\git\obsscreenflip\obsscreenflip\x64\release\plugincodesetttings.obj
e:\mydocs\programming\versioncontrol\git\obsscreenflip\obsscreenflip\x64\release\obshelpers.obj
e:\mydocs\programming\versioncontrol\git\obsscreenflip\obsscreenflip\x64\release\jrfuncs.obj
e:\mydocs\programming\versioncontrol\git\obsscreenflip\obsscreenflip\x64\release\jrpluginmainrenderhook.obj
e:\mydocs\programming\versioncontrol\git\obsscreenflip\x64\release\obsscreenflip.dll
e:\mydocs\programming\versioncontrol\git\obsscreenflip\obsscreenflip\x64\release\obsscreenflip.ipdb
e:\mydocs\programming\versioncontrol\git\obsscreenflip\obsscreenflip\x64\release\obsscreenflip.iobj
e:\mydocs\programming\versioncontrol\git\obsscreenflip\x64\release\obsscreenflip.pdb
e:\mydocs\programming\versioncontrol\git\obsscreenflip\x64\release\obsscreenflip.lib
e:\mydocs\programming\versioncontrol\git\obsscreenflip\x64\release\obsscreenflip.exp
e:\mydocs\programming\versioncontrol\git\obsscreenflip\obsscreenflip\x64\release\obsscreenflip.tlog\cl.command.1.tlog
e:\mydocs\programming\versioncontrol\git\obsscreenflip\obsscreenflip\x64\release\obsscreenflip.tlog\cl.read.1.tlog
e:\mydocs\programming\versioncontrol\git\obsscreenflip\obsscreenflip\x64\release\obsscreenflip.tlog\cl.write.1.tlog
e:\mydocs\programming\versioncontrol\git\obsscreenflip\obsscreenflip\x64\release\obsscreenflip.tlog\link.command.1.tlog
e:\mydocs\programming\versioncontrol\git\obsscreenflip\obsscreenflip\x64\release\obsscreenflip.tlog\link.read.1.tlog
e:\mydocs\programming\versioncontrol\git\obsscreenflip\obsscreenflip\x64\release\obsscreenflip.tlog\link.write.1.tlog
e:\mydocs\programming\versioncontrol\git\obsscreenflip\obsscreenflip\x64\release\obsscreenflip.tlog\obsscreenflip.write.1u.tlog
